<?xml version="1.0" encoding="UTF-8"?>
<!-- Generated by org.testng.reporters.JUnitReportReporter -->
<testsuite hostname="Bunny---HP9919" failures="0" tests="1" name="Task.ContactsWithData" time="10.368" errors="0" timestamp="2024-07-31T16:06:20 IST" skipped="0">
  <testcase classname="Task.ContactsWithData" name="createContact" time="10.368">
    <system-out>
      <![CDATA[createContact
onTestSuccess]]>
    </system-out>
  </testcase> <!-- createContact -->
  <system-out>
    <![CDATA[onStart
createContact
onTestSuccess
createOrganizationWithIndustry
onTestSuccess
createOrganization]]>
  </system-out>
</testsuite> <!-- Task.ContactsWithData -->
