<?xml version="1.0" encoding="UTF-8"?>
<!-- Generated by org.testng.reporters.JUnitReportReporter -->
<testsuite hostname="Bunny---HP9919" failures="0" tests="1" name="Task.OrganizationWithIndustry" time="11.280" errors="0" timestamp="2024-07-31T16:06:20 IST" skipped="0">
  <testcase classname="Task.OrganizationWithIndustry" name="createOrganizationWithIndustry" time="11.280">
    <system-out>
      <![CDATA[createOrganizationWithIndustry
onTestSuccess]]>
    </system-out>
  </testcase> <!-- createOrganizationWithIndustry -->
  <system-out>
    <![CDATA[onStart
createContact
onTestSuccess
createOrganizationWithIndustry
onTestSuccess
createOrganization]]>
  </system-out>
</testsuite> <!-- Task.OrganizationWithIndustry -->
